{"level":"info","message":"POST /login"}
{"level":"info","message":"GET /posts"}
{"level":"info","message":"GET /rooms/1"}
{"level":"info","message":"GET /posts"}
{"level":"info","message":"GET /rooms/1"}
{"level":"info","message":"GET /posts"}
{"level":"info","message":"GET /posts"}
{"level":"info","message":"GET /posts"}
{"level":"info","message":"GET /posts"}
{"level":"info","message":"GET /posts"}
{"level":"info","message":"POST /login"}
{"level":"info","message":"GET /posts"}
{"level":"info","message":"GET /rooms/1"}
{"level":"info","message":"GET /posts"}
{"level":"info","message":"GET /rooms/1"}
{"level":"info","message":"GET /posts"}
{"level":"info","message":"GET /rooms/2"}
{"level":"info","message":"GET /posts"}
{"level":"info","message":"GET /posts"}
{"level":"info","message":"GET /posts"}
{"level":"info","message":"GET /posts"}
{"level":"info","message":"POST /login"}
{"level":"info","message":"GET /posts"}
{"level":"info","message":"GET /rooms/1"}
{"level":"info","message":"GET /posts"}
{"level":"info","message":"GET /rooms/2"}
{"level":"info","message":"GET /posts"}
{"level":"info","message":"GET /rooms/3"}
{"level":"info","message":"GET /posts"}
{"level":"info","message":"GET /rooms/4"}
{"level":"info","message":"GET /posts"}
{"level":"info","message":"GET /posts"}
{"level":"info","message":"GET /posts"}
{"level":"info","message":"GET /posts"}
{"level":"info","message":"GET /posts"}
{"level":"info","message":"GET /posts"}
{"level":"info","message":"GET /posts"}
{"level":"info","message":"GET /posts"}
{"level":"info","message":"GET /posts"}
{"level":"info","message":"GET /posts"}
{"level":"info","message":"GET /posts"}
{"level":"info","message":"GET /rooms/1"}
{"level":"info","message":"GET /posts"}
{"level":"info","message":"GET /rooms/2"}
{"level":"info","message":"GET /posts"}
{"level":"info","message":"GET /rooms/3"}
{"level":"info","message":"GET /posts"}
{"level":"info","message":"GET /rooms/4"}
{"level":"info","message":"GET /posts"}
{"level":"info","message":"GET /posts"}
{"level":"info","message":"POST /register"}
{"level":"info","message":"POST /register"}
{"level":"info","message":"POST /login"}
{"level":"info","message":"GET /posts"}
{"level":"info","message":"GET /rooms/1"}
{"level":"info","message":"GET /posts"}
{"level":"info","message":"GET /rooms/2"}
{"level":"info","message":"GET /posts"}
{"level":"info","message":"GET /rooms/3"}
{"level":"info","message":"GET /posts"}
{"level":"info","message":"GET /rooms/4"}
{"level":"info","message":"GET /posts"}
{"level":"info","message":"GET /posts"}
{"level":"info","message":"GET /posts"}
{"level":"info","message":"GET /posts"}
{"level":"info","message":"GET /posts"}
{"level":"info","message":"GET /posts"}
{"level":"info","message":"GET /posts"}
{"level":"info","message":"GET /rooms/1"}
{"level":"info","message":"GET /posts"}
{"level":"info","message":"GET /rooms/2"}
{"level":"info","message":"GET /posts"}
{"level":"info","message":"GET /posts"}
{"level":"info","message":"GET /posts"}
{"level":"info","message":"GET /posts"}
{"level":"info","message":"GET /posts"}
{"level":"info","message":"GET /posts"}
{"level":"info","message":"GET /posts"}
{"level":"info","message":"GET /posts"}
{"level":"info","message":"GET /posts"}
{"level":"info","message":"GET /posts"}
{"level":"info","message":"GET /posts"}
{"level":"info","message":"GET /posts"}
{"level":"info","message":"GET /rooms/1"}
{"level":"info","message":"GET /posts"}
{"level":"info","message":"GET /rooms/2"}
{"level":"info","message":"GET /posts"}
{"level":"info","message":"GET /posts"}
{"level":"info","message":"GET /posts"}
{"level":"info","message":"GET /posts"}
{"level":"info","message":"GET /posts"}
{"level":"info","message":"GET /posts"}
{"level":"info","message":"GET /posts"}
{"level":"info","message":"GET /posts"}
{"level":"info","message":"GET /posts"}
{"level":"info","message":"GET /posts"}
{"level":"info","message":"GET /posts"}
{"level":"info","message":"GET /posts"}
{"level":"info","message":"GET /posts"}
{"level":"info","message":"GET /posts"}
{"level":"info","message":"GET /posts"}
{"level":"info","message":"GET /posts"}
{"level":"info","message":"GET /posts"}
{"level":"info","message":"GET /rooms/1"}
{"level":"info","message":"GET /posts"}
{"level":"info","message":"GET /rooms/2"}
{"level":"info","message":"GET /posts"}
{"level":"info","message":"GET /rooms/3"}
{"level":"info","message":"GET /posts"}
{"level":"info","message":"GET /rooms/4"}
{"level":"info","message":"GET /posts"}
{"level":"info","message":"GET /posts"}
{"level":"info","message":"POST /posts"}
{"level":"info","message":"GET /posts"}
{"level":"info","message":"GET /posts"}
{"level":"info","message":"GET /posts/ebd4ffef-9714-499d-8be1-6e76931d55e7"}
{"level":"info","message":"DELETE /posts/ebd4ffef-9714-499d-8be1-6e76931d55e7"}
{"level":"info","message":"GET /posts"}
{"level":"info","message":"GET /posts"}
{"level":"info","message":"GET /posts"}
{"level":"info","message":"GET /posts"}
{"level":"info","message":"GET /posts"}
{"level":"info","message":"GET /posts"}
{"level":"info","message":"GET /posts"}
{"level":"info","message":"GET /posts"}
{"level":"info","message":"GET /posts"}
{"level":"info","message":"GET /posts"}
{"level":"info","message":"GET /posts"}
{"level":"info","message":"GET /posts"}
{"level":"info","message":"GET /rooms/1"}
{"level":"info","message":"GET /posts"}
{"level":"info","message":"GET /posts"}
{"level":"info","message":"GET /posts"}
{"level":"info","message":"GET /rooms/1"}
{"level":"info","message":"GET /posts"}
{"level":"info","message":"GET /rooms/2"}
{"level":"info","message":"GET /posts"}
{"level":"info","message":"GET /posts"}
{"level":"info","message":"GET /posts"}
{"level":"info","message":"GET /posts"}
{"level":"info","message":"GET /posts"}
{"level":"info","message":"GET /posts"}
{"level":"info","message":"GET /posts"}
{"level":"info","message":"GET /posts"}
{"level":"info","message":"GET /posts"}
{"level":"info","message":"GET /posts"}
{"level":"info","message":"GET /posts"}
{"level":"info","message":"GET /posts"}
{"level":"info","message":"GET /posts"}
{"level":"info","message":"GET /posts"}
{"level":"info","message":"GET /rooms/1"}
{"level":"info","message":"GET /posts"}
{"level":"info","message":"GET /rooms/2"}
{"level":"info","message":"GET /posts"}
{"level":"info","message":"GET /rooms/3"}
{"level":"info","message":"GET /posts"}
{"level":"info","message":"GET /rooms/4"}
{"level":"info","message":"GET /posts"}
{"level":"info","message":"GET /posts"}
{"level":"info","message":"GET /posts"}
{"level":"info","message":"GET /posts"}
{"level":"info","message":"GET /posts"}
{"level":"info","message":"GET /posts"}
{"level":"info","message":"GET /posts"}
{"level":"info","message":"GET /posts"}
{"level":"info","message":"GET /posts"}
{"level":"info","message":"GET /posts"}
{"level":"info","message":"GET /posts"}
{"level":"info","message":"GET /posts"}
{"level":"info","message":"GET /posts"}
{"level":"info","message":"GET /posts"}
{"level":"info","message":"GET /posts"}
{"level":"info","message":"GET /posts"}
{"level":"info","message":"GET /posts"}
{"level":"info","message":"GET /posts"}
{"level":"info","message":"POST /edit-password"}
{"level":"info","message":"POST /edit-password"}
{"level":"info","message":"POST /edit-password"}
{"level":"info","message":"POST /edit-password"}
{"level":"info","message":"DELETE /users/benio"}
{"level":"info","message":"POST /register"}
{"level":"info","message":"POST /login"}
{"level":"info","message":"GET /posts"}
{"level":"info","message":"POST /edit-password"}
{"level":"info","message":"POST /login"}
{"level":"info","message":"GET /posts"}
{"level":"info","message":"DELETE /users/benio"}
{"level":"info","message":"DELETE /users/undefined"}
{"level":"info","message":"POST /register"}
{"level":"info","message":"POST /login"}
{"level":"info","message":"GET /posts"}
{"level":"info","message":"DELETE /users/benio"}
{"level":"info","message":"POST /register"}
{"level":"info","message":"POST /login"}
{"level":"info","message":"GET /posts"}
{"level":"info","message":"DELETE /users/benio"}
{"level":"info","message":"POST /register"}
{"level":"info","message":"POST /login"}
{"level":"info","message":"GET /posts"}
{"level":"info","message":"DELETE /users/ben"}
{"level":"info","message":"POST /login"}
{"level":"info","message":"POST /register"}
{"level":"info","message":"POST /login"}
{"level":"info","message":"GET /posts"}
{"level":"info","message":"POST /posts"}
{"level":"info","message":"GET /posts"}
{"level":"info","message":"GET /posts"}
{"level":"info","message":"GET /posts"}
{"level":"info","message":"GET /posts"}
{"level":"info","message":"GET /posts"}
{"level":"info","message":"GET /rooms/1"}
{"level":"info","message":"GET /posts"}
{"level":"info","message":"GET /rooms/2"}
{"level":"info","message":"GET /posts"}
{"level":"info","message":"GET /rooms/3"}
{"level":"info","message":"GET /posts"}
{"level":"info","message":"GET /rooms/4"}
{"level":"info","message":"GET /rooms/3"}
{"level":"info","message":"GET /posts"}
{"level":"info","message":"GET /rooms/3"}
{"level":"info","message":"GET /posts"}
{"level":"info","message":"GET /rooms/3"}
{"level":"info","message":"GET /rooms/3"}
{"level":"info","message":"GET /posts"}
{"level":"info","message":"GET /rooms/3"}
{"level":"info","message":"GET /posts"}
{"level":"info","message":"GET /rooms/3"}
{"level":"info","message":"GET /posts"}
{"level":"info","message":"GET /rooms/3"}
{"level":"info","message":"GET /posts"}
{"level":"info","message":"GET /rooms/3"}
{"level":"info","message":"GET /posts"}
{"level":"info","message":"GET /rooms/3"}
{"level":"info","message":"GET /rooms/3"}
{"level":"info","message":"GET /posts"}
{"level":"info","message":"GET /rooms/4"}
{"level":"info","message":"GET /posts"}
{"level":"info","message":"GET /rooms/4"}
{"level":"info","message":"GET /posts"}
{"level":"info","message":"GET /rooms/4"}
{"level":"info","message":"GET /posts"}
{"level":"info","message":"GET /rooms/4"}
{"level":"info","message":"GET /posts"}
{"level":"info","message":"GET /rooms/4"}
{"level":"info","message":"GET /posts"}
{"level":"info","message":"GET /rooms/4"}
{"level":"info","message":"GET /posts"}
{"level":"info","message":"GET /rooms/4"}
{"level":"info","message":"GET /posts"}
{"level":"info","message":"GET /rooms/4"}
{"level":"info","message":"GET /rooms/4"}
{"level":"info","message":"GET /posts"}
{"level":"info","message":"GET /rooms/4"}
{"level":"info","message":"GET /posts"}
{"level":"info","message":"GET /rooms/4"}
{"level":"info","message":"GET /rooms/4"}
{"level":"info","message":"GET /posts"}
{"level":"info","message":"GET /rooms/4"}
{"level":"info","message":"GET /posts"}
{"level":"info","message":"GET /rooms/4"}
{"level":"info","message":"GET /rooms/1"}
{"level":"info","message":"GET /rooms/1"}
{"level":"info","message":"GET /rooms/1"}
{"level":"info","message":"GET /posts"}
{"level":"info","message":"GET /rooms/1"}
{"level":"info","message":"GET /posts"}
{"level":"info","message":"GET /rooms/1"}
{"level":"info","message":"GET /posts"}
{"level":"info","message":"GET /rooms/1"}
{"level":"info","message":"GET /rooms/2"}
{"level":"info","message":"GET /posts"}
{"level":"info","message":"GET /rooms/2"}
{"level":"info","message":"GET /rooms/3"}
{"level":"info","message":"GET /posts"}
{"level":"info","message":"GET /rooms/3"}
{"level":"info","message":"GET /posts"}
{"level":"info","message":"GET /rooms/2"}
{"level":"info","message":"GET /posts"}
{"level":"info","message":"GET /rooms/2"}
{"level":"info","message":"GET /posts"}
{"level":"info","message":"GET /rooms/2"}
{"level":"info","message":"GET /posts"}
{"level":"info","message":"GET /rooms/3"}
{"level":"info","message":"GET /posts"}
{"level":"info","message":"GET /rooms/3"}
{"level":"info","message":"GET /posts"}
{"level":"info","message":"GET /rooms/3"}
{"level":"info","message":"GET /posts"}
{"level":"info","message":"GET /rooms/3"}
{"level":"info","message":"GET /posts"}
{"level":"info","message":"GET /rooms/3"}
{"level":"info","message":"GET /posts"}
{"level":"info","message":"GET /rooms/3"}
{"level":"info","message":"GET /posts"}
{"level":"info","message":"GET /rooms/3"}
{"level":"info","message":"GET /rooms/3"}
{"level":"info","message":"GET /posts"}
{"level":"info","message":"GET /rooms/3"}
{"level":"info","message":"GET /posts"}
{"level":"info","message":"GET /rooms/3"}
{"level":"info","message":"GET /posts"}
{"level":"info","message":"GET /rooms/3"}
{"level":"info","message":"GET /posts"}
{"level":"info","message":"GET /rooms/3"}
{"level":"info","message":"GET /posts"}
{"level":"info","message":"GET /rooms/3"}
{"level":"info","message":"GET /rooms/4"}
{"level":"info","message":"GET /posts"}
{"level":"info","message":"GET /rooms/4"}
{"level":"info","message":"GET /posts"}
{"level":"info","message":"GET /posts"}
{"level":"info","message":"GET /posts"}
{"level":"info","message":"GET /posts"}
{"level":"info","message":"GET /posts"}
{"level":"info","message":"GET /posts"}
{"level":"info","message":"GET /posts"}
{"level":"info","message":"GET /posts"}
{"level":"info","message":"GET /rooms/3"}
{"level":"info","message":"GET /posts"}
{"level":"info","message":"GET /rooms/3"}
{"level":"info","message":"GET /rooms/3"}
{"level":"info","message":"GET /posts"}
{"level":"info","message":"GET /rooms/1"}
{"level":"info","message":"GET /posts"}
{"level":"info","message":"GET /rooms/2"}
{"level":"info","message":"GET /posts"}
{"level":"info","message":"GET /rooms/2"}
{"level":"info","message":"GET /posts"}
{"level":"info","message":"GET /rooms/1"}
{"level":"info","message":"GET /posts"}
{"level":"info","message":"GET /rooms/1"}
{"level":"info","message":"GET /posts"}
{"level":"info","message":"GET /rooms/2"}
{"level":"info","message":"GET /posts"}
{"level":"info","message":"GET /posts"}
{"level":"info","message":"GET /rooms/1"}
{"level":"info","message":"GET /posts"}
{"level":"info","message":"GET /rooms/2"}
{"level":"info","message":"GET /posts"}
{"level":"info","message":"GET /rooms/2"}
{"level":"info","message":"GET /posts"}
{"level":"info","message":"GET /rooms/2"}
{"level":"info","message":"GET /rooms/3"}
{"level":"info","message":"GET /posts"}
{"level":"info","message":"GET /rooms/3"}
{"level":"info","message":"GET /posts"}
{"level":"info","message":"GET /posts"}
{"level":"info","message":"GET /rooms/1"}
{"level":"info","message":"GET /posts"}
{"level":"info","message":"GET /rooms/1"}
{"level":"info","message":"GET /posts"}
{"level":"info","message":"GET /rooms/1"}
{"level":"info","message":"GET /posts"}
{"level":"info","message":"GET /rooms/1"}
{"level":"info","message":"GET /posts"}
{"level":"info","message":"GET /rooms/1"}
{"level":"info","message":"GET /posts"}
{"level":"info","message":"GET /rooms/2"}
{"level":"info","message":"GET /posts"}
{"level":"info","message":"GET /rooms/2"}
{"level":"info","message":"GET /posts"}
{"level":"info","message":"GET /rooms/3"}
{"level":"info","message":"GET /posts"}
{"level":"info","message":"GET /rooms/3"}
{"level":"info","message":"GET /posts"}
{"level":"info","message":"GET /rooms/3"}
{"level":"info","message":"GET /posts"}
{"level":"info","message":"GET /rooms/3"}
{"level":"info","message":"GET /posts"}
{"level":"info","message":"GET /rooms/3"}
{"level":"info","message":"GET /posts"}
{"level":"info","message":"GET /rooms/3"}
{"level":"info","message":"GET /rooms/3"}
{"level":"info","message":"GET /posts"}
{"level":"info","message":"GET /rooms/3"}
{"level":"info","message":"GET /posts"}
{"level":"info","message":"GET /rooms/3"}
{"level":"info","message":"GET /posts"}
{"level":"info","message":"GET /rooms/3"}
{"level":"info","message":"GET /posts"}
{"level":"info","message":"GET /rooms/3"}
{"level":"info","message":"GET /posts"}
{"level":"info","message":"GET /rooms/3"}
{"level":"info","message":"GET /rooms/3"}
{"level":"info","message":"GET /posts"}
{"level":"info","message":"GET /rooms/3"}
{"level":"info","message":"GET /posts"}
{"level":"info","message":"GET /rooms/3"}
{"level":"info","message":"GET /rooms/4"}
{"level":"info","message":"GET /posts"}
{"level":"info","message":"GET /rooms/4"}
{"level":"info","message":"GET /posts"}
{"level":"info","message":"GET /rooms/1"}
{"level":"info","message":"GET /posts"}
{"level":"info","message":"GET /rooms/1"}
{"level":"info","message":"GET /posts"}
{"level":"info","message":"GET /posts"}
{"level":"info","message":"GET /rooms/1"}
{"level":"info","message":"GET /posts"}
{"level":"info","message":"GET /rooms/1"}
{"level":"info","message":"GET /posts"}
{"level":"info","message":"GET /rooms/1"}
{"level":"info","message":"GET /posts"}
{"level":"info","message":"GET /rooms/1"}
{"level":"info","message":"GET /posts"}
{"level":"info","message":"GET /rooms/1"}
{"level":"info","message":"GET /posts"}
{"level":"info","message":"GET /rooms/1"}
{"level":"info","message":"GET /posts"}
{"level":"info","message":"GET /rooms/1"}
{"level":"info","message":"GET /posts"}
{"level":"info","message":"GET /rooms/1"}
{"level":"info","message":"GET /posts"}
{"level":"info","message":"GET /rooms/1"}
{"level":"info","message":"GET /rooms/1"}
{"level":"info","message":"GET /posts"}
{"level":"info","message":"GET /posts"}
{"level":"info","message":"GET /rooms/1"}
{"level":"info","message":"GET /posts"}
{"level":"info","message":"GET /rooms/1"}
{"level":"info","message":"GET /posts"}
{"level":"info","message":"GET /rooms/1"}
{"level":"info","message":"GET /posts"}
{"level":"info","message":"GET /rooms/1"}
{"level":"info","message":"GET /posts"}
{"level":"info","message":"GET /rooms/1"}
{"level":"info","message":"GET /posts"}
{"level":"info","message":"GET /rooms/1"}
{"level":"info","message":"GET /posts"}
{"level":"info","message":"GET /rooms/1"}
{"level":"info","message":"GET /posts"}
{"level":"info","message":"GET /rooms/1"}
{"level":"info","message":"GET /posts"}
{"level":"info","message":"GET /rooms/1"}
{"level":"info","message":"GET /posts"}
{"level":"info","message":"GET /rooms/1"}
{"level":"info","message":"GET /posts"}
{"level":"info","message":"GET /rooms/1"}
{"level":"info","message":"GET /rooms/1"}
{"level":"info","message":"GET /posts"}
{"level":"info","message":"GET /posts"}
{"level":"info","message":"GET /posts"}
{"level":"info","message":"GET /rooms/1"}
{"level":"info","message":"GET /posts"}
{"level":"info","message":"GET /rooms/1"}
{"level":"info","message":"GET /posts"}
{"level":"info","message":"GET /rooms/1"}
{"level":"info","message":"GET /posts"}
{"level":"info","message":"GET /rooms/1"}
{"level":"info","message":"GET /posts"}
{"level":"info","message":"GET /rooms/1"}
{"level":"info","message":"GET /posts"}
{"level":"info","message":"GET /rooms/1"}
{"level":"info","message":"GET /posts"}
{"level":"info","message":"GET /rooms/1"}
{"level":"info","message":"GET /posts"}
{"level":"info","message":"GET /rooms/1"}
{"level":"info","message":"GET /posts"}
{"level":"info","message":"GET /rooms/1"}
{"level":"info","message":"GET /rooms/1"}
{"level":"info","message":"GET /posts"}
{"level":"info","message":"GET /posts"}
{"level":"info","message":"GET /rooms/1"}
{"level":"info","message":"GET /posts"}
{"level":"info","message":"GET /rooms/1"}
{"level":"info","message":"GET /posts"}
{"level":"info","message":"GET /rooms/1"}
{"level":"info","message":"GET /posts"}
{"level":"info","message":"GET /rooms/1"}
{"level":"info","message":"GET /posts"}
{"level":"info","message":"GET /rooms/1"}
{"level":"info","message":"GET /posts"}
{"level":"info","message":"GET /rooms/1"}
{"level":"info","message":"GET /posts"}
{"level":"info","message":"GET /rooms/1"}
{"level":"info","message":"GET /posts"}
{"level":"info","message":"GET /rooms/1"}
{"level":"info","message":"GET /posts"}
{"level":"info","message":"GET /rooms/1"}
{"level":"info","message":"GET /posts"}
{"level":"info","message":"GET /posts"}
{"level":"info","message":"GET /posts"}
{"level":"info","message":"POST /register"}
{"level":"info","message":"POST /login"}
{"level":"info","message":"GET /posts"}
{"level":"info","message":"PATCH /edit-password"}
{"level":"info","message":"POST /edit-password"}
{"level":"info","message":"POST /edit-password"}
{"level":"info","message":"GET /posts"}
{"level":"info","message":"GET /posts"}
{"level":"info","message":"GET /posts"}
{"level":"info","message":"GET /posts"}
{"level":"info","message":"GET /posts"}
{"level":"info","message":"GET /posts"}
{"level":"info","message":"GET /posts"}
{"level":"info","message":"GET /posts"}
{"level":"info","message":"GET /posts"}
{"level":"info","message":"POST /posts"}
{"level":"info","message":"GET /posts"}
{"level":"info","message":"GET /posts"}
{"level":"info","message":"POST /login"}
{"level":"info","message":"POST /login"}
{"level":"info","message":"POST /login"}
{"level":"info","message":"GET /posts"}
{"level":"info","message":"POST /edit-password"}
{"level":"info","message":"POST /login"}
{"level":"info","message":"GET /posts"}
{"level":"info","message":"GET /posts"}
{"level":"info","message":"GET /posts"}
{"level":"info","message":"GET /posts"}
{"level":"info","message":"GET /rooms/1"}
{"level":"info","message":"GET /posts"}
{"level":"info","message":"GET /rooms/1"}
{"level":"info","message":"GET /posts"}
{"level":"info","message":"GET /rooms/1"}
{"level":"info","message":"GET /rooms/1"}
{"level":"info","message":"GET /posts"}
{"level":"info","message":"GET /rooms/1"}
{"level":"info","message":"GET /posts"}
{"level":"info","message":"GET /rooms/1"}
{"level":"info","message":"GET /posts"}
{"level":"info","message":"GET /rooms/1"}
{"level":"info","message":"GET /posts"}
{"level":"info","message":"GET /rooms/1"}
{"level":"info","message":"GET /posts"}
{"level":"info","message":"GET /rooms/1"}
{"level":"info","message":"GET /posts"}
{"level":"info","message":"GET /rooms/1"}
{"level":"info","message":"POST /posts"}
{"level":"info","message":"GET /posts"}
{"level":"info","message":"GET /posts"}
{"level":"info","message":"GET /posts/45e0bca3-a08e-492e-a53b-258fa18157e5"}
{"level":"info","message":"DELETE /posts/45e0bca3-a08e-492e-a53b-258fa18157e5"}
{"level":"info","message":"GET /posts"}
{"level":"info","message":"GET /posts"}
{"level":"info","message":"GET /posts"}
{"level":"info","message":"GET /posts"}
{"level":"info","message":"GET /posts"}
{"level":"info","message":"GET /posts"}
{"level":"info","message":"GET /posts"}
{"level":"info","message":"GET /posts"}
{"level":"info","message":"GET /posts"}
{"level":"info","message":"GET /posts"}
{"level":"info","message":"GET /posts"}
{"level":"info","message":"GET /posts"}
{"level":"info","message":"GET /posts"}
{"level":"info","message":"GET /posts"}
{"level":"info","message":"GET /posts"}
{"level":"info","message":"GET /posts"}
{"level":"info","message":"GET /posts"}
{"level":"info","message":"GET /posts"}
{"level":"info","message":"GET /posts"}
{"level":"info","message":"GET /posts"}
{"level":"info","message":"GET /posts"}
{"level":"info","message":"POST /posts"}
{"level":"info","message":"GET /posts"}
{"level":"info","message":"GET /posts"}
{"level":"info","message":"GET /posts/fe3b02b4-0125-400c-9a23-346207380e6a"}
{"level":"info","message":"DELETE /posts/fe3b02b4-0125-400c-9a23-346207380e6a"}
{"level":"info","message":"GET /posts"}
{"level":"info","message":"GET /posts"}
{"level":"info","message":"GET /posts"}
{"level":"info","message":"GET /posts"}
{"level":"info","message":"GET /rooms/1"}
{"level":"info","message":"GET /posts"}
{"level":"info","message":"GET /rooms/1"}
{"level":"info","message":"GET /posts"}
{"level":"info","message":"GET /rooms/1"}
{"level":"info","message":"GET /posts"}
{"level":"info","message":"GET /rooms/1"}
{"level":"info","message":"GET /posts"}
{"level":"info","message":"GET /rooms/1"}
{"level":"info","message":"GET /posts"}
{"level":"info","message":"GET /rooms/1"}
{"level":"info","message":"GET /posts"}
{"level":"info","message":"GET /rooms/1"}
{"level":"info","message":"GET /posts"}
{"level":"info","message":"GET /rooms/1"}
{"level":"info","message":"GET /posts"}
{"level":"info","message":"GET /rooms/1"}
{"level":"info","message":"GET /rooms/2"}
{"level":"info","message":"GET /posts"}
{"level":"info","message":"GET /rooms/2"}
{"level":"info","message":"GET /rooms/3"}
{"level":"info","message":"GET /posts"}
{"level":"info","message":"GET /rooms/3"}
{"level":"info","message":"GET /rooms/4"}
{"level":"info","message":"GET /posts"}
{"level":"info","message":"GET /rooms/4"}
{"level":"info","message":"GET /posts"}
{"level":"info","message":"GET /posts"}
{"level":"info","message":"GET /posts"}
{"level":"info","message":"GET /posts"}
{"level":"info","message":"GET /posts"}
{"level":"info","message":"GET /posts"}
{"level":"info","message":"GET /posts"}
{"level":"info","message":"GET /posts"}
{"level":"info","message":"GET /posts"}
{"level":"info","message":"GET /posts"}
{"level":"info","message":"GET /posts"}
{"level":"info","message":"GET /posts"}
{"level":"info","message":"GET /posts"}
{"level":"info","message":"GET /posts"}
{"level":"info","message":"GET /posts"}
{"level":"info","message":"GET /posts"}
{"level":"info","message":"GET /posts"}
{"level":"info","message":"GET /posts"}
{"level":"info","message":"GET /posts"}
{"level":"info","message":"GET /posts"}
{"level":"info","message":"GET /posts"}
{"level":"info","message":"GET /posts"}
{"level":"info","message":"GET /posts"}
{"level":"info","message":"GET /posts"}
{"level":"info","message":"GET /posts"}
{"level":"info","message":"GET /posts"}
{"level":"info","message":"GET /posts"}
{"level":"info","message":"GET /posts"}
{"level":"info","message":"GET /posts"}
{"level":"info","message":"GET /posts"}
{"level":"info","message":"GET /"}
{"level":"info","message":"GET /posts"}
{"level":"info","message":"GET /posts"}
{"level":"info","message":"GET /posts"}
{"level":"info","message":"POST /login"}
{"level":"info","message":"GET /posts"}
{"level":"info","message":"GET /posts"}
{"level":"info","message":"GET /posts"}
{"level":"info","message":"GET /posts"}
{"level":"info","message":"GET /posts"}
{"level":"info","message":"GET /posts"}
{"level":"info","message":"GET /posts"}
{"level":"info","message":"POST /posts"}
{"level":"info","message":"GET /posts"}
{"level":"info","message":"GET /posts"}
{"level":"info","message":"GET /posts"}
{"level":"info","message":"GET /posts/ffa2fefb-b75f-49ef-befe-a24c9ba8dc09"}
{"level":"info","message":"DELETE /posts/ffa2fefb-b75f-49ef-befe-a24c9ba8dc09"}
{"level":"info","message":"GET /posts"}
{"level":"info","message":"GET /posts"}
{"level":"info","message":"GET /posts"}
{"level":"info","message":"POST /login"}
{"level":"info","message":"GET /posts"}
{"level":"info","message":"POST /login"}
{"level":"info","message":"GET /posts"}
{"level":"info","message":"GET /posts"}
{"level":"info","message":"GET /rooms/1"}
{"level":"info","message":"GET /rooms/1"}
{"level":"info","message":"GET /posts"}
{"level":"info","message":"GET /posts"}
{"level":"info","message":"GET /rooms/1"}
{"level":"info","message":"GET /rooms/1"}
{"level":"info","message":"GET /posts"}
{"level":"info","message":"GET /posts"}
{"level":"info","message":"GET /rooms/1"}
{"level":"info","message":"GET /rooms/1"}
{"level":"info","message":"GET /posts"}
{"level":"info","message":"GET /posts"}
{"level":"info","message":"GET /rooms/1"}
{"level":"info","message":"GET /rooms/1"}
{"level":"info","message":"GET /posts"}
{"level":"info","message":"GET /posts"}
{"level":"info","message":"GET /rooms/1"}
{"level":"info","message":"GET /rooms/1"}
{"level":"info","message":"GET /posts"}
{"level":"info","message":"GET /posts"}
{"level":"info","message":"GET /rooms/1"}
{"level":"info","message":"GET /rooms/1"}
{"level":"info","message":"GET /rooms/1"}
{"level":"info","message":"GET /rooms/1"}
{"level":"info","message":"GET /posts"}
{"level":"info","message":"GET /posts"}
{"level":"info","message":"GET /rooms/1"}
{"level":"info","message":"GET /rooms/1"}
{"level":"info","message":"GET /posts"}
{"level":"info","message":"GET /posts"}
{"level":"info","message":"GET /rooms/1"}
{"level":"info","message":"GET /rooms/1"}
{"level":"info","message":"GET /posts"}
{"level":"info","message":"GET /posts"}
{"level":"info","message":"GET /rooms/1"}
{"level":"info","message":"GET /rooms/1"}
{"level":"info","message":"GET /rooms/1"}
{"level":"info","message":"GET /rooms/1"}
{"level":"info","message":"GET /posts"}
{"level":"info","message":"GET /posts"}
{"level":"info","message":"GET /rooms/1"}
{"level":"info","message":"GET /rooms/1"}
{"level":"info","message":"GET /posts"}
{"level":"info","message":"GET /posts"}
{"level":"info","message":"GET /rooms/1"}
{"level":"info","message":"GET /rooms/1"}
{"level":"info","message":"GET /posts"}
{"level":"info","message":"GET /posts"}
{"level":"info","message":"GET /rooms/1"}
{"level":"info","message":"GET /rooms/1"}
{"level":"info","message":"GET /posts"}
{"level":"info","message":"GET /posts"}
{"level":"info","message":"GET /rooms/1"}
{"level":"info","message":"GET /rooms/1"}
{"level":"info","message":"GET /posts"}
{"level":"info","message":"GET /posts"}
{"level":"info","message":"GET /rooms/1"}
{"level":"info","message":"GET /rooms/1"}
{"level":"info","message":"GET /posts"}
{"level":"info","message":"GET /posts"}
{"level":"info","message":"GET /rooms/1"}
{"level":"info","message":"GET /rooms/1"}
{"level":"info","message":"GET /rooms/1"}
{"level":"info","message":"GET /rooms/1"}
{"level":"info","message":"GET /posts"}
{"level":"info","message":"GET /posts"}
{"level":"info","message":"GET /rooms/1"}
{"level":"info","message":"GET /rooms/1"}
{"level":"info","message":"GET /posts"}
{"level":"info","message":"GET /posts"}
{"level":"info","message":"GET /rooms/1"}
{"level":"info","message":"GET /rooms/1"}
{"level":"info","message":"GET /posts"}
{"level":"info","message":"GET /posts"}
{"level":"info","message":"GET /rooms/1"}
{"level":"info","message":"GET /rooms/1"}
{"level":"info","message":"GET /rooms/3"}
{"level":"info","message":"GET /rooms/3"}
{"level":"info","message":"GET /rooms/3"}
{"level":"info","message":"GET /rooms/3"}
{"level":"info","message":"GET /posts"}
{"level":"info","message":"GET /posts"}
{"level":"info","message":"GET /rooms/4"}
{"level":"info","message":"GET /rooms/4"}
{"level":"info","message":"GET /posts"}
{"level":"info","message":"GET /posts"}
{"level":"info","message":"GET /rooms/4"}
{"level":"info","message":"GET /rooms/4"}
{"level":"info","message":"GET /posts"}
{"level":"info","message":"GET /posts"}
{"level":"info","message":"GET /rooms/4"}
{"level":"info","message":"GET /rooms/4"}
{"level":"info","message":"GET /posts"}
{"level":"info","message":"GET /posts"}
{"level":"info","message":"GET /rooms/4"}
{"level":"info","message":"GET /rooms/4"}
{"level":"info","message":"GET /posts"}
{"level":"info","message":"GET /posts"}
{"level":"info","message":"GET /rooms/4"}
{"level":"info","message":"GET /rooms/4"}
{"level":"info","message":"GET /rooms/4"}
{"level":"info","message":"GET /rooms/4"}
{"level":"info","message":"GET /posts"}
{"level":"info","message":"GET /posts"}
{"level":"info","message":"GET /rooms/4"}
{"level":"info","message":"GET /rooms/4"}
{"level":"info","message":"GET /posts"}
{"level":"info","message":"GET /posts"}
{"level":"info","message":"GET /rooms/4"}
{"level":"info","message":"GET /rooms/4"}
{"level":"info","message":"GET /posts"}
{"level":"info","message":"GET /posts"}
{"level":"info","message":"GET /posts"}
{"level":"info","message":"GET /posts"}
{"level":"info","message":"GET /posts"}
{"level":"info","message":"GET /posts"}
{"level":"info","message":"GET /posts"}
{"level":"info","message":"GET /posts"}
{"level":"info","message":"GET /posts"}
{"level":"info","message":"GET /posts"}
{"level":"info","message":"GET /posts"}
{"level":"info","message":"GET /posts"}
{"level":"info","message":"GET /posts"}
{"level":"info","message":"GET /posts"}
{"level":"info","message":"GET /posts"}
{"level":"info","message":"GET /posts"}
{"level":"info","message":"POST /posts"}
{"level":"info","message":"GET /posts"}
{"level":"info","message":"GET /posts"}
{"level":"info","message":"GET /posts"}
{"level":"info","message":"POST /posts"}
{"level":"info","message":"GET /posts"}
{"level":"info","message":"GET /posts"}
{"level":"info","message":"GET /posts"}
{"level":"info","message":"GET /posts/39e2480a-086d-4729-970a-cd3cc8d023f6"}
{"level":"info","message":"DELETE /posts/39e2480a-086d-4729-970a-cd3cc8d023f6"}
{"level":"info","message":"GET /posts"}
{"level":"info","message":"GET /posts"}
{"level":"info","message":"GET /posts"}
{"level":"info","message":"GET /posts/2fcefbdb-1cd3-4076-987e-37616ef07a33"}
{"level":"info","message":"DELETE /posts/2fcefbdb-1cd3-4076-987e-37616ef07a33"}
{"level":"info","message":"GET /posts"}
{"level":"info","message":"GET /posts"}
{"level":"info","message":"GET /posts"}
{"level":"info","message":"GET /posts"}
{"level":"info","message":"GET /posts"}
{"level":"info","message":"GET /posts"}
{"level":"info","message":"GET /posts"}
{"level":"info","message":"GET /posts"}
{"level":"info","message":"GET /posts"}
{"level":"info","message":"GET /posts"}
{"level":"info","message":"GET /posts"}
{"level":"info","message":"GET /posts"}
{"level":"info","message":"GET /posts"}
{"level":"info","message":"GET /posts"}
{"level":"info","message":"GET /posts"}
{"level":"info","message":"GET /posts"}
{"level":"info","message":"GET /posts"}
{"level":"info","message":"GET /posts"}
{"level":"info","message":"GET /posts"}
{"level":"info","message":"GET /posts"}
{"level":"info","message":"GET /posts"}
{"level":"info","message":"GET /posts"}
{"level":"info","message":"GET /posts"}
{"level":"info","message":"GET /posts"}
{"level":"info","message":"GET /posts"}
{"level":"info","message":"GET /posts"}
{"level":"info","message":"GET /posts"}
{"level":"info","message":"GET /posts"}
{"level":"info","message":"GET /posts"}
{"level":"info","message":"GET /posts"}
{"level":"info","message":"GET /posts"}
{"level":"info","message":"GET /posts"}
{"level":"info","message":"GET /posts"}
{"level":"info","message":"GET /posts"}
{"level":"info","message":"GET /posts"}
{"level":"info","message":"GET /posts"}
{"level":"info","message":"GET /posts"}
{"level":"info","message":"GET /posts"}
{"level":"info","message":"GET /posts"}
{"level":"info","message":"GET /posts"}
{"level":"info","message":"GET /posts"}
{"level":"info","message":"GET /posts"}
{"level":"info","message":"GET /posts"}
{"level":"info","message":"GET /posts"}
{"level":"info","message":"GET /posts"}
{"level":"info","message":"GET /posts"}
{"level":"info","message":"GET /posts"}
{"level":"info","message":"GET /posts"}
{"level":"info","message":"GET /posts"}
{"level":"info","message":"GET /posts"}
{"level":"info","message":"GET /posts"}
{"level":"info","message":"GET /posts"}
{"level":"info","message":"GET /posts"}
{"level":"info","message":"GET /posts"}
{"level":"info","message":"GET /posts"}
{"level":"info","message":"GET /posts"}
{"level":"info","message":"GET /posts"}
{"level":"info","message":"GET /posts"}
{"level":"info","message":"GET /posts"}
{"level":"info","message":"GET /posts"}
{"level":"info","message":"GET /posts"}
{"level":"info","message":"POST /posts"}
{"level":"info","message":"GET /posts"}
{"level":"info","message":"GET /posts"}
{"level":"info","message":"GET /posts"}
{"level":"info","message":"POST /posts"}
{"level":"info","message":"GET /posts"}
{"level":"info","message":"GET /posts"}
{"level":"info","message":"GET /posts"}
{"level":"info","message":"POST /posts"}
{"level":"info","message":"GET /posts"}
{"level":"info","message":"GET /posts"}
{"level":"info","message":"GET /posts"}
{"level":"info","message":"POST /posts"}
{"level":"info","message":"GET /posts"}
{"level":"info","message":"GET /posts"}
{"level":"info","message":"GET /posts"}
{"level":"info","message":"POST /posts"}
{"level":"info","message":"GET /posts"}
{"level":"info","message":"GET /posts"}
{"level":"info","message":"GET /posts"}
{"level":"info","message":"GET /posts/88aae5d0-d156-4e94-9ce0-37000934d1dc"}
{"level":"info","message":"DELETE /posts/88aae5d0-d156-4e94-9ce0-37000934d1dc"}
{"level":"info","message":"GET /posts"}
{"level":"info","message":"GET /posts"}
{"level":"info","message":"GET /posts"}
{"level":"info","message":"GET /posts/7d0883f5-03e9-4a52-ac3e-ca3d20c38578"}
{"level":"info","message":"DELETE /posts/7d0883f5-03e9-4a52-ac3e-ca3d20c38578"}
{"level":"info","message":"GET /posts"}
{"level":"info","message":"GET /posts/63d11337-97a4-4fe4-b058-06b22ee36acb"}
{"level":"info","message":"DELETE /posts/63d11337-97a4-4fe4-b058-06b22ee36acb"}
{"level":"info","message":"GET /posts"}
{"level":"info","message":"GET /posts"}
{"level":"info","message":"GET /posts"}
{"level":"info","message":"GET /posts/ef1e2894-a6fa-4920-b2b2-a70ca81e15ca"}
{"level":"info","message":"DELETE /posts/ef1e2894-a6fa-4920-b2b2-a70ca81e15ca"}
{"level":"info","message":"GET /posts"}
{"level":"info","message":"GET /posts"}
{"level":"info","message":"GET /posts"}
{"level":"info","message":"GET /posts/4f4cde75-8854-40a4-9fae-5d558f6701a0"}
{"level":"info","message":"DELETE /posts/4f4cde75-8854-40a4-9fae-5d558f6701a0"}
{"level":"info","message":"GET /posts"}
{"level":"info","message":"GET /posts"}
{"level":"info","message":"GET /posts"}
{"level":"info","message":"POST /register"}
{"level":"info","message":"GET /posts"}
{"level":"info","message":"POST /login"}
{"level":"info","message":"GET /posts"}
{"level":"info","message":"GET /posts"}
{"level":"info","message":"POST /posts"}
{"level":"info","message":"GET /posts"}
{"level":"info","message":"GET /posts"}
{"level":"info","message":"GET /posts"}
{"level":"info","message":"GET /posts"}
{"level":"info","message":"GET /posts"}
{"level":"info","message":"GET /posts"}
{"level":"info","message":"GET /posts"}
{"level":"info","message":"GET /posts"}
{"level":"info","message":"GET /posts"}
{"level":"info","message":"GET /posts"}
{"level":"info","message":"GET /posts"}
{"level":"info","message":"POST /login"}
{"level":"info","message":"POST /login"}
{"level":"info","message":"GET /posts"}
{"level":"info","message":"POST /posts"}
{"level":"info","message":"GET /posts"}
{"level":"info","message":"GET /posts"}
{"level":"info","message":"GET /posts/786707fe-0af9-4102-9970-ab177a809252"}
{"level":"info","message":"DELETE /posts/786707fe-0af9-4102-9970-ab177a809252"}
{"level":"info","message":"GET /posts"}
{"level":"info","message":"GET /posts"}
{"level":"info","message":"POST /posts"}
{"level":"info","message":"GET /posts"}
{"level":"info","message":"GET /posts"}
{"level":"info","message":"GET /posts/ceb3ef2a-bedb-4bf3-a5a2-caea10bc3716"}
{"level":"info","message":"DELETE /posts/ceb3ef2a-bedb-4bf3-a5a2-caea10bc3716"}
{"level":"info","message":"GET /posts"}
{"level":"info","message":"GET /posts"}
{"level":"info","message":"GET /posts"}
{"level":"info","message":"GET /posts"}
{"level":"info","message":"GET /posts"}
{"level":"info","message":"GET /posts"}
{"level":"info","message":"GET /posts"}
{"level":"info","message":"GET /posts"}
{"level":"info","message":"GET /posts"}
{"level":"info","message":"GET /posts"}
{"level":"info","message":"GET /rooms/1"}
{"level":"info","message":"GET /rooms/1"}
{"level":"info","message":"GET /posts"}
{"level":"info","message":"GET /rooms/1"}
{"level":"info","message":"GET /rooms/1"}
{"level":"info","message":"GET /posts"}
{"level":"info","message":"GET /rooms/1"}
{"level":"info","message":"GET /rooms/1"}
{"level":"info","message":"GET /rooms/1"}
{"level":"info","message":"GET /rooms/1"}
{"level":"info","message":"GET /posts"}
{"level":"info","message":"GET /rooms/1"}
{"level":"info","message":"GET /rooms/1"}
{"level":"info","message":"GET /posts"}
{"level":"info","message":"GET /rooms/1"}
{"level":"info","message":"GET /rooms/1"}
{"level":"info","message":"GET /posts"}
{"level":"info","message":"GET /rooms/1"}
{"level":"info","message":"GET /rooms/1"}
{"level":"info","message":"GET /posts"}
{"level":"info","message":"GET /posts"}
{"level":"info","message":"POST /posts"}
{"level":"info","message":"GET /posts"}
{"level":"info","message":"GET /posts"}
{"level":"info","message":"GET /posts"}
{"level":"info","message":"GET /posts"}
{"level":"info","message":"GET /posts"}
{"level":"info","message":"GET /posts"}
{"level":"info","message":"GET /posts"}
{"level":"info","message":"GET /posts"}
{"level":"info","message":"GET /posts"}
{"level":"info","message":"GET /posts"}
{"level":"info","message":"GET /posts"}
{"level":"info","message":"GET /posts"}
{"level":"info","message":"GET /posts"}
{"level":"info","message":"GET /posts"}
{"level":"info","message":"GET /posts"}
{"level":"info","message":"GET /posts"}
{"level":"info","message":"GET /posts"}
{"level":"info","message":"GET /posts"}
{"level":"info","message":"GET /posts"}
{"level":"info","message":"GET /posts"}
{"level":"info","message":"GET /posts"}
{"level":"info","message":"GET /posts"}
{"level":"info","message":"GET /posts"}
{"level":"info","message":"GET /posts"}
{"level":"info","message":"GET /posts"}
{"level":"info","message":"GET /rooms/1"}
{"level":"info","message":"GET /rooms/1"}
{"level":"info","message":"GET /rooms/1"}
{"level":"info","message":"GET /rooms/1"}
{"level":"info","message":"GET /rooms/1"}
{"level":"info","message":"GET /rooms/1"}
{"level":"info","message":"GET /posts"}
{"level":"info","message":"GET /rooms/1"}
{"level":"info","message":"GET /rooms/1"}
{"level":"info","message":"GET /posts"}
{"level":"info","message":"GET /rooms/1"}
{"level":"info","message":"GET /rooms/1"}
{"level":"info","message":"GET /rooms/1"}
{"level":"info","message":"GET /rooms/1"}
{"level":"info","message":"GET /posts"}
{"level":"info","message":"GET /rooms/1"}
{"level":"info","message":"GET /rooms/1"}
{"level":"info","message":"GET /posts"}
{"level":"info","message":"GET /rooms/1"}
{"level":"info","message":"GET /rooms/1"}
{"level":"info","message":"GET /posts"}
{"level":"info","message":"GET /rooms/1"}
{"level":"info","message":"GET /rooms/1"}
{"level":"info","message":"GET /posts"}
{"level":"info","message":"GET /rooms/1"}
{"level":"info","message":"GET /rooms/1"}
{"level":"info","message":"GET /posts"}
{"level":"info","message":"GET /rooms/1"}
{"level":"info","message":"GET /rooms/1"}
{"level":"info","message":"GET /posts"}
{"level":"info","message":"GET /rooms/1"}
{"level":"info","message":"GET /rooms/1"}
{"level":"info","message":"GET /rooms/1"}
{"level":"info","message":"GET /rooms/1"}
{"level":"info","message":"GET /posts"}
{"level":"info","message":"GET /rooms/1"}
{"level":"info","message":"GET /rooms/1"}
{"level":"info","message":"GET /posts"}
{"level":"info","message":"GET /rooms/1"}
{"level":"info","message":"GET /rooms/1"}
{"level":"info","message":"GET /posts"}
{"level":"info","message":"GET /rooms/1"}
{"level":"info","message":"GET /rooms/1"}
{"level":"info","message":"GET /rooms/2"}
{"level":"info","message":"GET /rooms/2"}
{"level":"info","message":"GET /posts"}
{"level":"info","message":"GET /posts"}
{"level":"info","message":"GET /posts"}
{"level":"info","message":"GET /posts"}
{"level":"info","message":"GET /posts"}
{"level":"info","message":"GET /posts"}
{"level":"info","message":"GET /posts"}
{"level":"info","message":"GET /posts"}
{"level":"info","message":"POST /posts"}
{"level":"info","message":"GET /posts"}
{"level":"info","message":"GET /posts"}
{"level":"info","message":"GET /posts/cee9877e-0ba4-48c0-b0c1-b6747ec1f549"}
{"level":"info","message":"DELETE /posts/cee9877e-0ba4-48c0-b0c1-b6747ec1f549"}
{"level":"info","message":"GET /posts"}
{"level":"info","message":"GET /posts"}
{"level":"info","message":"GET /posts"}
{"level":"info","message":"GET /posts"}
{"level":"info","message":"GET /posts"}
{"level":"info","message":"GET /posts"}
{"level":"info","message":"GET /posts"}
{"level":"info","message":"GET /posts"}
{"level":"info","message":"GET /posts"}
{"level":"info","message":"GET /posts"}
{"level":"info","message":"GET /posts"}
{"level":"info","message":"GET /posts"}
{"level":"info","message":"GET /posts"}
{"level":"info","message":"GET /posts"}
{"level":"info","message":"GET /posts"}
{"level":"info","message":"GET /posts"}
{"level":"info","message":"GET /posts"}
{"level":"info","message":"GET /posts"}
{"level":"info","message":"GET /posts"}
{"level":"info","message":"GET /posts"}
{"level":"info","message":"GET /posts"}
{"level":"info","message":"GET /posts"}
{"level":"info","message":"GET /posts"}
{"level":"info","message":"GET /posts"}
{"level":"info","message":"GET /posts"}
{"level":"info","message":"GET /posts"}
{"level":"info","message":"GET /posts"}
{"level":"info","message":"GET /posts"}
{"level":"info","message":"GET /posts"}
{"level":"info","message":"GET /posts"}
{"level":"info","message":"GET /posts"}
{"level":"info","message":"GET /rooms/1"}
{"level":"info","message":"GET /rooms/1"}
{"level":"info","message":"GET /posts"}
{"level":"info","message":"GET /rooms/2"}
{"level":"info","message":"GET /rooms/2"}
{"level":"info","message":"GET /posts"}
{"level":"info","message":"GET /rooms/3"}
{"level":"info","message":"GET /rooms/3"}
{"level":"info","message":"GET /posts"}
{"level":"info","message":"GET /rooms/4"}
{"level":"info","message":"GET /rooms/4"}
{"level":"info","message":"GET /posts"}
{"level":"info","message":"GET /rooms/4"}
{"level":"info","message":"GET /rooms/4"}
{"level":"info","message":"GET /rooms/4"}
{"level":"info","message":"GET /rooms/4"}
{"level":"info","message":"GET /posts"}
{"level":"info","message":"GET /posts"}
{"level":"info","message":"GET /posts"}
{"level":"info","message":"GET /rooms/1"}
{"level":"info","message":"GET /posts"}
{"level":"info","message":"GET /rooms/2"}
{"level":"info","message":"GET /posts"}
{"level":"info","message":"GET /rooms/3"}
{"level":"info","message":"GET /posts"}
{"level":"info","message":"GET /rooms/4"}
{"level":"info","message":"GET /posts"}
{"level":"info","message":"GET /posts"}
{"level":"info","message":"GET /posts"}
{"level":"info","message":"GET /posts"}
{"level":"info","message":"GET /rooms/1"}
{"level":"info","message":"GET /posts"}
{"level":"info","message":"GET /rooms/2"}
{"level":"info","message":"GET /posts"}
{"level":"info","message":"GET /rooms/3"}
{"level":"info","message":"GET /posts"}
{"level":"info","message":"GET /rooms/4"}
{"level":"info","message":"GET /posts"}
{"level":"info","message":"GET /posts"}
{"level":"info","message":"GET /posts"}
{"level":"info","message":"GET /posts"}
{"level":"info","message":"GET /posts"}
{"level":"info","message":"GET /posts"}
{"level":"info","message":"GET /posts"}
{"level":"info","message":"GET /posts"}
{"level":"info","message":"GET /posts"}
{"level":"info","message":"GET /posts"}
{"level":"info","message":"GET /posts"}
{"level":"info","message":"GET /posts"}
{"level":"info","message":"GET /posts"}
{"level":"info","message":"GET /posts"}
{"level":"info","message":"GET /posts"}
{"level":"info","message":"GET /posts"}
{"level":"info","message":"GET /posts"}
{"level":"info","message":"GET /posts"}
{"level":"info","message":"GET /posts"}
{"level":"info","message":"GET /posts"}
{"level":"info","message":"GET /posts"}
{"level":"info","message":"GET /posts"}
{"level":"info","message":"GET /rooms/1"}
{"level":"info","message":"GET /posts"}
{"level":"info","message":"GET /rooms/2"}
{"level":"info","message":"GET /posts"}
{"level":"info","message":"GET /posts"}
{"level":"info","message":"GET /posts"}
{"level":"info","message":"GET /rooms/1"}
{"level":"info","message":"GET /posts"}
{"level":"info","message":"GET /rooms/2"}
{"level":"info","message":"GET /posts"}
{"level":"info","message":"GET /rooms/3"}
{"level":"info","message":"GET /posts"}
{"level":"info","message":"GET /rooms/4"}
{"level":"info","message":"GET /posts"}
{"level":"info","message":"POST /login"}
{"level":"info","message":"GET /posts"}
{"level":"info","message":"GET /rooms/1"}
{"level":"info","message":"GET /posts"}
{"level":"info","message":"GET /rooms/2"}
{"level":"info","message":"GET /posts"}
{"level":"info","message":"GET /rooms/3"}
{"level":"info","message":"GET /posts"}
{"level":"info","message":"GET /rooms/4"}
{"level":"info","message":"GET /posts"}
{"level":"info","message":"GET /posts"}
{"level":"info","message":"GET /posts"}
{"level":"info","message":"GET /posts"}
{"level":"info","message":"GET /posts"}
{"level":"info","message":"GET /posts"}
{"level":"info","message":"GET /posts"}
{"level":"info","message":"GET /rooms/1"}
{"level":"info","message":"GET /posts"}
{"level":"info","message":"GET /rooms/1"}
{"level":"info","message":"GET /posts"}
{"level":"info","message":"GET /rooms/1"}
{"level":"info","message":"GET /posts"}
{"level":"info","message":"GET /rooms/1"}
{"level":"info","message":"GET /posts"}
{"level":"info","message":"GET /rooms/1"}
{"level":"info","message":"GET /posts"}
{"level":"info","message":"GET /rooms/1"}
{"level":"info","message":"GET /rooms/1"}
{"level":"info","message":"GET /posts"}
{"level":"info","message":"GET /rooms/1"}
{"level":"info","message":"GET /posts"}
{"level":"info","message":"GET /rooms/1"}
{"level":"info","message":"GET /posts"}
{"level":"info","message":"GET /rooms/1"}
{"level":"info","message":"GET /rooms/1"}
{"level":"info","message":"GET /posts"}
{"level":"info","message":"GET /rooms/1"}
{"level":"info","message":"GET /posts"}
{"level":"info","message":"GET /rooms/1"}
{"level":"info","message":"GET /posts"}
{"level":"info","message":"GET /posts"}
{"level":"info","message":"GET /posts"}
{"level":"info","message":"GET /posts"}
{"level":"info","message":"GET /posts"}
{"level":"info","message":"GET /posts"}
{"level":"info","message":"GET /posts"}
{"level":"info","message":"GET /rooms/1"}
{"level":"info","message":"GET /posts"}
{"level":"info","message":"GET /rooms/2"}
{"level":"info","message":"GET /posts"}
{"level":"info","message":"GET /rooms/3"}
{"level":"info","message":"GET /posts"}
{"level":"info","message":"GET /rooms/4"}
{"level":"info","message":"GET /posts"}
{"level":"info","message":"GET /posts"}
{"level":"info","message":"GET /rooms/1"}
{"level":"info","message":"GET /posts"}
{"level":"info","message":"GET /rooms/2"}
{"level":"info","message":"GET /posts"}
{"level":"info","message":"GET /rooms/3"}
{"level":"info","message":"GET /rooms/4"}
{"level":"info","message":"GET /posts"}
{"level":"info","message":"GET /rooms/4"}
{"level":"info","message":"GET /posts"}
{"level":"info","message":"GET /rooms/4"}
{"level":"info","message":"GET /rooms/2"}
{"level":"info","message":"GET /posts"}
{"level":"info","message":"GET /rooms/1"}
{"level":"info","message":"GET /posts"}
{"level":"info","message":"GET /rooms/1"}
{"level":"info","message":"GET /posts"}
{"level":"info","message":"GET /rooms/2"}
{"level":"info","message":"GET /posts"}
{"level":"info","message":"GET /rooms/3"}
{"level":"info","message":"GET /posts"}
{"level":"info","message":"GET /rooms/4"}
{"level":"info","message":"GET /posts"}
{"level":"info","message":"POST /login"}
{"level":"info","message":"GET /posts"}
{"level":"info","message":"GET /rooms/1"}
{"level":"info","message":"GET /rooms/2"}
{"level":"info","message":"GET /rooms/3"}
{"level":"info","message":"GET /rooms/4"}
{"level":"info","message":"GET /posts"}
{"level":"info","message":"GET /posts"}
{"level":"info","message":"GET /posts"}
{"level":"info","message":"GET /posts"}
{"level":"info","message":"POST /posts"}
{"level":"info","message":"GET /posts"}
{"level":"info","message":"GET /posts/2103f35c-1b96-41ef-a047-3b8bf00c9d62"}
{"level":"info","message":"DELETE /posts/2103f35c-1b96-41ef-a047-3b8bf00c9d62"}
{"level":"info","message":"GET /posts"}
